0 info it worked if it ends with ok
1 verbose cli [ 'node', '/usr/local/bin/npm', 'publish' ]
2 info using npm@1.3.11
3 info using node@v0.10.21
4 verbose publish [ '.' ]
5 verbose cache add [ '.', null ]
6 verbose cache add name=undefined spec="." args=[".",null]
7 verbose parsed url { protocol: null,
7 verbose parsed url   slashes: null,
7 verbose parsed url   auth: null,
7 verbose parsed url   host: null,
7 verbose parsed url   port: null,
7 verbose parsed url   hostname: null,
7 verbose parsed url   hash: null,
7 verbose parsed url   search: null,
7 verbose parsed url   query: null,
7 verbose parsed url   pathname: '.',
7 verbose parsed url   path: '.',
7 verbose parsed url   href: '.' }
8 silly lockFile 3a52ce78- .
9 verbose lock . /Users/robertrawlins/.npm/3a52ce78-.lock
10 verbose tar pack [ '/var/folders/mw/9llxq3fs7hx24v6bb931rt640000gn/T/npm-1201-1QJK3Zuk/1383827474696-0.04904663795605302/tmp.tgz',
10 verbose tar pack   '.' ]
11 verbose tarball /var/folders/mw/9llxq3fs7hx24v6bb931rt640000gn/T/npm-1201-1QJK3Zuk/1383827474696-0.04904663795605302/tmp.tgz
12 verbose folder .
13 silly lockFile 1f1177db-tar tar://.
14 verbose lock tar://. /Users/robertrawlins/.npm/1f1177db-tar.lock
15 silly lockFile f16e71c5-4696-0-04904663795605302-tmp-tgz tar:///var/folders/mw/9llxq3fs7hx24v6bb931rt640000gn/T/npm-1201-1QJK3Zuk/1383827474696-0.04904663795605302/tmp.tgz
16 verbose lock tar:///var/folders/mw/9llxq3fs7hx24v6bb931rt640000gn/T/npm-1201-1QJK3Zuk/1383827474696-0.04904663795605302/tmp.tgz /Users/robertrawlins/.npm/f16e71c5-4696-0-04904663795605302-tmp-tgz.lock
17 silly lockFile 1f1177db-tar tar://.
18 silly lockFile 1f1177db-tar tar://.
19 silly lockFile f16e71c5-4696-0-04904663795605302-tmp-tgz tar:///var/folders/mw/9llxq3fs7hx24v6bb931rt640000gn/T/npm-1201-1QJK3Zuk/1383827474696-0.04904663795605302/tmp.tgz
20 silly lockFile f16e71c5-4696-0-04904663795605302-tmp-tgz tar:///var/folders/mw/9llxq3fs7hx24v6bb931rt640000gn/T/npm-1201-1QJK3Zuk/1383827474696-0.04904663795605302/tmp.tgz
21 verbose tar unpack /var/folders/mw/9llxq3fs7hx24v6bb931rt640000gn/T/npm-1201-1QJK3Zuk/1383827474696-0.04904663795605302/tmp.tgz
22 silly lockFile 897c7e9f-4696-0-04904663795605302-package tar:///var/folders/mw/9llxq3fs7hx24v6bb931rt640000gn/T/npm-1201-1QJK3Zuk/1383827474696-0.04904663795605302/package
23 verbose lock tar:///var/folders/mw/9llxq3fs7hx24v6bb931rt640000gn/T/npm-1201-1QJK3Zuk/1383827474696-0.04904663795605302/package /Users/robertrawlins/.npm/897c7e9f-4696-0-04904663795605302-package.lock
24 silly lockFile f16e71c5-4696-0-04904663795605302-tmp-tgz tar:///var/folders/mw/9llxq3fs7hx24v6bb931rt640000gn/T/npm-1201-1QJK3Zuk/1383827474696-0.04904663795605302/tmp.tgz
25 verbose lock tar:///var/folders/mw/9llxq3fs7hx24v6bb931rt640000gn/T/npm-1201-1QJK3Zuk/1383827474696-0.04904663795605302/tmp.tgz /Users/robertrawlins/.npm/f16e71c5-4696-0-04904663795605302-tmp-tgz.lock
26 silly gunzTarPerm modes [ '755', '644' ]
27 silly gunzTarPerm extractEntry package.json
28 silly gunzTarPerm extractEntry .npmignore
29 silly gunzTarPerm extractEntry README.md
30 silly gunzTarPerm extractEntry Gruntfile.js
31 silly gunzTarPerm extractEntry artwork/SuperSimple.ai
32 silly gunzTarPerm extractEntry dist/sorry-announcer.min.js
33 silly gunzTarPerm extractEntry dist/sorry-announcer.min.css
34 silly gunzTarPerm extractEntry index.html
35 silly gunzTarPerm extractEntry src/javascripts/sorry-announcer.js
36 silly gunzTarPerm extractEntry src/stylesheets/sorry-announcer.css
37 silly lockFile 897c7e9f-4696-0-04904663795605302-package tar:///var/folders/mw/9llxq3fs7hx24v6bb931rt640000gn/T/npm-1201-1QJK3Zuk/1383827474696-0.04904663795605302/package
38 silly lockFile 897c7e9f-4696-0-04904663795605302-package tar:///var/folders/mw/9llxq3fs7hx24v6bb931rt640000gn/T/npm-1201-1QJK3Zuk/1383827474696-0.04904663795605302/package
39 silly lockFile f16e71c5-4696-0-04904663795605302-tmp-tgz tar:///var/folders/mw/9llxq3fs7hx24v6bb931rt640000gn/T/npm-1201-1QJK3Zuk/1383827474696-0.04904663795605302/tmp.tgz
40 silly lockFile f16e71c5-4696-0-04904663795605302-tmp-tgz tar:///var/folders/mw/9llxq3fs7hx24v6bb931rt640000gn/T/npm-1201-1QJK3Zuk/1383827474696-0.04904663795605302/tmp.tgz
41 verbose tar pack [ '/Users/robertrawlins/.npm/sorry-announcer/0.1.2/package.tgz',
41 verbose tar pack   '/var/folders/mw/9llxq3fs7hx24v6bb931rt640000gn/T/npm-1201-1QJK3Zuk/1383827474696-0.04904663795605302/package' ]
42 verbose tarball /Users/robertrawlins/.npm/sorry-announcer/0.1.2/package.tgz
43 verbose folder /var/folders/mw/9llxq3fs7hx24v6bb931rt640000gn/T/npm-1201-1QJK3Zuk/1383827474696-0.04904663795605302/package
44 silly lockFile 897c7e9f-4696-0-04904663795605302-package tar:///var/folders/mw/9llxq3fs7hx24v6bb931rt640000gn/T/npm-1201-1QJK3Zuk/1383827474696-0.04904663795605302/package
45 verbose lock tar:///var/folders/mw/9llxq3fs7hx24v6bb931rt640000gn/T/npm-1201-1QJK3Zuk/1383827474696-0.04904663795605302/package /Users/robertrawlins/.npm/897c7e9f-4696-0-04904663795605302-package.lock
46 silly lockFile efbcf18b-orry-announcer-0-1-2-package-tgz tar:///Users/robertrawlins/.npm/sorry-announcer/0.1.2/package.tgz
47 verbose lock tar:///Users/robertrawlins/.npm/sorry-announcer/0.1.2/package.tgz /Users/robertrawlins/.npm/efbcf18b-orry-announcer-0-1-2-package-tgz.lock
48 silly lockFile 897c7e9f-4696-0-04904663795605302-package tar:///var/folders/mw/9llxq3fs7hx24v6bb931rt640000gn/T/npm-1201-1QJK3Zuk/1383827474696-0.04904663795605302/package
49 silly lockFile 897c7e9f-4696-0-04904663795605302-package tar:///var/folders/mw/9llxq3fs7hx24v6bb931rt640000gn/T/npm-1201-1QJK3Zuk/1383827474696-0.04904663795605302/package
50 silly lockFile efbcf18b-orry-announcer-0-1-2-package-tgz tar:///Users/robertrawlins/.npm/sorry-announcer/0.1.2/package.tgz
51 silly lockFile efbcf18b-orry-announcer-0-1-2-package-tgz tar:///Users/robertrawlins/.npm/sorry-announcer/0.1.2/package.tgz
52 silly lockFile fd737251-pm-sorry-announcer-0-1-2-package /Users/robertrawlins/.npm/sorry-announcer/0.1.2/package
53 verbose lock /Users/robertrawlins/.npm/sorry-announcer/0.1.2/package /Users/robertrawlins/.npm/fd737251-pm-sorry-announcer-0-1-2-package.lock
54 silly lockFile fd737251-pm-sorry-announcer-0-1-2-package /Users/robertrawlins/.npm/sorry-announcer/0.1.2/package
55 silly lockFile fd737251-pm-sorry-announcer-0-1-2-package /Users/robertrawlins/.npm/sorry-announcer/0.1.2/package
56 verbose tar unpack /Users/robertrawlins/.npm/sorry-announcer/0.1.2/package.tgz
57 silly lockFile 4c262bc0-pm-sorry-announcer-0-1-2-package tar:///Users/robertrawlins/.npm/sorry-announcer/0.1.2/package
58 verbose lock tar:///Users/robertrawlins/.npm/sorry-announcer/0.1.2/package /Users/robertrawlins/.npm/4c262bc0-pm-sorry-announcer-0-1-2-package.lock
59 silly lockFile efbcf18b-orry-announcer-0-1-2-package-tgz tar:///Users/robertrawlins/.npm/sorry-announcer/0.1.2/package.tgz
60 verbose lock tar:///Users/robertrawlins/.npm/sorry-announcer/0.1.2/package.tgz /Users/robertrawlins/.npm/efbcf18b-orry-announcer-0-1-2-package-tgz.lock
61 silly gunzTarPerm modes [ '755', '644' ]
62 silly gunzTarPerm extractEntry package.json
63 silly gunzTarPerm extractEntry .npmignore
64 silly gunzTarPerm extractEntry README.md
65 silly gunzTarPerm extractEntry Gruntfile.js
66 silly gunzTarPerm extractEntry artwork/SuperSimple.ai
67 silly gunzTarPerm extractEntry dist/sorry-announcer.min.js
68 silly gunzTarPerm extractEntry dist/sorry-announcer.min.css
69 silly gunzTarPerm extractEntry index.html
70 silly gunzTarPerm extractEntry src/javascripts/sorry-announcer.js
71 silly gunzTarPerm extractEntry src/stylesheets/sorry-announcer.css
72 silly lockFile 4c262bc0-pm-sorry-announcer-0-1-2-package tar:///Users/robertrawlins/.npm/sorry-announcer/0.1.2/package
73 silly lockFile 4c262bc0-pm-sorry-announcer-0-1-2-package tar:///Users/robertrawlins/.npm/sorry-announcer/0.1.2/package
74 silly lockFile efbcf18b-orry-announcer-0-1-2-package-tgz tar:///Users/robertrawlins/.npm/sorry-announcer/0.1.2/package.tgz
75 silly lockFile efbcf18b-orry-announcer-0-1-2-package-tgz tar:///Users/robertrawlins/.npm/sorry-announcer/0.1.2/package.tgz
76 verbose chmod /Users/robertrawlins/.npm/sorry-announcer/0.1.2/package.tgz 644
77 verbose chown /Users/robertrawlins/.npm/sorry-announcer/0.1.2/package.tgz [ 501, 20 ]
78 silly lockFile 3a52ce78- .
79 silly lockFile 3a52ce78- .
80 silly publish { name: 'sorry-announcer',
80 silly publish   version: '0.1.2',
80 silly publish   description: 'Add your Sorry status updates as an announcement bar to your app or website.',
80 silly publish   author: { name: 'Robert Rawlins' },
80 silly publish   license: 'BSD-2-Clause',
80 silly publish   bugs: { url: 'https://github.com/supporttime/sorry-announcer/issues' },
80 silly publish   devDependencies:
80 silly publish    { grunt: '~0.4.1',
80 silly publish      'grunt-contrib-uglify': '~0.2.5',
80 silly publish      'grunt-contrib-jshint': '~0.7.1',
80 silly publish      'grunt-release': '~0.6.0',
80 silly publish      'grunt-preprocess': '~3.0.1',
80 silly publish      'grunt-contrib-cssmin': '~0.7.0' },
80 silly publish   readme: 'sorry-announcer\n===============\n\nAdd your Sorry status updates as an announcement bar to your app or website.\n',
80 silly publish   readmeFilename: 'README.md',
80 silly publish   _id: 'sorry-announcer@0.1.2',
80 silly publish   dist: { shasum: '30ca3fb3c4e2e8378470d5b682ef4e080168b6ff' },
80 silly publish   _from: '.' }
81 error need auth auth and email required for publishing
81 error need auth You need to authorize this machine using `npm adduser`
82 error System Darwin 13.0.0
83 error command "node" "/usr/local/bin/npm" "publish"
84 error cwd /Users/robertrawlins/Projects/sorry-announcer
85 error node -v v0.10.21
86 error npm -v 1.3.11
87 error code ENEEDAUTH
88 verbose exit [ 1, true ]
